<?xml version="1.0" encoding="UTF-8"?>
<!-- Generated by org.testng.reporters.JUnitXMLReporter -->
<testsuite hostname="G1C2ML18294" ignored="0" name="Test on firefox" tests="2" failures="0" timestamp="18 Jan 2018 17:58:05 GMT" time="0.088" errors="0">
  <testcase name="@BeforeClass beforeClass" time="0.027" classname="com.mindtree.kalinga.EasyBucks.base.BaseClass">
    <failure type="org.openqa.selenium.WebDriverException" message="&amp;apos;webdriver.firefox.bin&amp;apos; property set, but unable to locate the requested binary: C:\Users\M1043066\AppData\Local\Mozilla Firefox\firefox.exe
Build info: version: &amp;apos;3.8.1&amp;apos;, revision: &amp;apos;6e95a6684b&amp;apos;, time: &amp;apos;2017-12-01T18:33:54.468Z&amp;apos;
System info: host: &amp;apos;G1C2ML18294&amp;apos;, ip: &amp;apos;100.64.0.2&amp;apos;, os.name: &amp;apos;Windows 10&amp;apos;, os.arch: &amp;apos;amd64&amp;apos;, os.version: &amp;apos;10.0&amp;apos;, java.version: &amp;apos;1.8.0_102&amp;apos;
Driver info: driver.version: FirefoxDriver">
      <![CDATA[org.openqa.selenium.WebDriverException: 'webdriver.firefox.bin' property set, but unable to locate the requested binary: C:\Users\M1043066\AppData\Local\Mozilla Firefox\firefox.exeBuild info: version: '3.8.1', revision: '6e95a6684b', time: '2017-12-01T18:33:54.468Z'System info: host: 'G1C2ML18294', ip: '100.64.0.2', os.name: 'Windows 10', os.arch: 'amd64', os.version: '10.0', java.version: '1.8.0_102'Driver info: driver.version: FirefoxDriverat org.openqa.selenium.firefox.FirefoxBinary.locateFirefoxBinaryFromSystemProperty(FirefoxBinary.java:401)at org.openqa.selenium.firefox.FirefoxBinary.<init>(FirefoxBinary.java:103)at java.util.Optional.orElseGet(Unknown Source)at org.openqa.selenium.firefox.FirefoxOptions.getBinary(FirefoxOptions.java:218)at org.openqa.selenium.firefox.FirefoxDriver.toExecutor(FirefoxDriver.java:155)at org.openqa.selenium.firefox.FirefoxDriver.<init>(FirefoxDriver.java:120)at org.openqa.selenium.firefox.FirefoxDriver.<init>(FirefoxDriver.java:106)at com.mindtree.kalinga.EasyBucks.base.CrossBrowser.multiBrowser(CrossBrowser.java:29)at com.mindtree.kalinga.EasyBucks.base.BaseClass.beforeClass(BaseClass.java:51)... Removed 26 stack frames]]>
    </failure>
  </testcase> <!-- @BeforeClass beforeClass -->
  <testcase name="@BeforeMethod bmethod" time="0.0" classname="com.mindtree.kalinga.EasyBucks.base.BaseClass">
    <skipped/>
  </testcase> <!-- @BeforeMethod bmethod -->
  <testcase name="@AfterMethod tearDown" time="0.0" classname="com.mindtree.kalinga.EasyBucks.base.BaseClass">
    <skipped/>
  </testcase> <!-- @AfterMethod tearDown -->
  <testcase name="@BeforeMethod bmethod" time="0.0" classname="com.mindtree.kalinga.EasyBucks.base.BaseClass">
    <skipped/>
  </testcase> <!-- @BeforeMethod bmethod -->
  <testcase name="@AfterMethod tearDown" time="0.0" classname="com.mindtree.kalinga.EasyBucks.base.BaseClass">
    <skipped/>
  </testcase> <!-- @AfterMethod tearDown -->
  <testcase name="@AfterClass aclass" time="0.0" classname="com.mindtree.kalinga.EasyBucks.base.BaseClass">
    <skipped/>
  </testcase> <!-- @AfterClass aclass -->
  <testcase name="test1" time="0.0" classname="com.mindtree.kalinga.EasyBucks.test.EasyBucks.LoginTest">
    <skipped/>
  </testcase> <!-- test1 -->
  <testcase name="testing" time="0.0" classname="com.mindtree.kalinga.EasyBucks.test.EasyBucks.LoginTest">
    <skipped/>
  </testcase> <!-- testing -->
</testsuite> <!-- Test on firefox -->
