<?xml version="1.0" encoding="UTF-8"?>
<!-- Generated by org.testng.reporters.JUnitXMLReporter -->
<testsuite hostname="G1C2ML18294" ignored="0" name="Test on ie" tests="2" failures="0" timestamp="18 Jan 2018 17:58:06 GMT" time="0.606" errors="0">
  <testcase name="@BeforeClass beforeClass" time="0.58" classname="com.mindtree.kalinga.EasyBucks.base.BaseClass">
    <failure type="org.openqa.selenium.SessionNotCreatedException" message="No matching capability sets found.
Unable to match capability set 0: browserName must be &amp;apos;internet explorer&amp;apos;, but was &amp;apos;IE&amp;apos;
Build info: version: &amp;apos;3.8.1&amp;apos;, revision: &amp;apos;6e95a6684b&amp;apos;, time: &amp;apos;2017-12-01T18:33:54.468Z&amp;apos;
System info: host: &amp;apos;G1C2ML18294&amp;apos;, ip: &amp;apos;100.64.0.2&amp;apos;, os.name: &amp;apos;Windows 10&amp;apos;, os.arch: &amp;apos;amd64&amp;apos;, os.version: &amp;apos;10.0&amp;apos;, java.version: &amp;apos;1.8.0_102&amp;apos;
Driver info: driver.version: InternetExplorerDriver
remote stacktrace: ">
      <![CDATA[org.openqa.selenium.SessionNotCreatedException: No matching capability sets found.Unable to match capability set 0: browserName must be 'internet explorer', but was 'IE'Build info: version: '3.8.1', revision: '6e95a6684b', time: '2017-12-01T18:33:54.468Z'System info: host: 'G1C2ML18294', ip: '100.64.0.2', os.name: 'Windows 10', os.arch: 'amd64', os.version: '10.0', java.version: '1.8.0_102'Driver info: driver.version: InternetExplorerDriverremote stacktrace: at org.openqa.selenium.remote.W3CHandshakeResponse.lambda$new$0(W3CHandshakeResponse.java:57)at org.openqa.selenium.remote.W3CHandshakeResponse.lambda$getResponseFunction$2(W3CHandshakeResponse.java:104)at org.openqa.selenium.remote.ProtocolHandshake.lambda$createSession$0(ProtocolHandshake.java:123)at java.util.stream.ReferencePipeline$3$1.accept(Unknown Source)at java.util.Spliterators$ArraySpliterator.tryAdvance(Unknown Source)at java.util.stream.ReferencePipeline.forEachWithCancel(Unknown Source)at java.util.stream.AbstractPipeline.copyIntoWithCancel(Unknown Source)at java.util.stream.AbstractPipeline.copyInto(Unknown Source)at java.util.stream.AbstractPipeline.wrapAndCopyInto(Unknown Source)at java.util.stream.FindOps$FindOp.evaluateSequential(Unknown Source)at java.util.stream.AbstractPipeline.evaluate(Unknown Source)at java.util.stream.ReferencePipeline.findFirst(Unknown Source)at org.openqa.selenium.remote.ProtocolHandshake.createSession(ProtocolHandshake.java:126)at org.openqa.selenium.remote.ProtocolHandshake.createSession(ProtocolHandshake.java:73)at org.openqa.selenium.remote.HttpCommandExecutor.execute(HttpCommandExecutor.java:142)at org.openqa.selenium.remote.service.DriverCommandExecutor.execute(DriverCommandExecutor.java:83)at org.openqa.selenium.remote.RemoteWebDriver.execute(RemoteWebDriver.java:601)at org.openqa.selenium.remote.RemoteWebDriver.startSession(RemoteWebDriver.java:219)at org.openqa.selenium.ie.InternetExplorerDriver.run(InternetExplorerDriver.java:223)at org.openqa.selenium.ie.InternetExplorerDriver.<init>(InternetExplorerDriver.java:215)at org.openqa.selenium.ie.InternetExplorerDriver.<init>(InternetExplorerDriver.java:160)at com.mindtree.kalinga.EasyBucks.base.CrossBrowser.multiBrowser(CrossBrowser.java:41)at com.mindtree.kalinga.EasyBucks.base.BaseClass.beforeClass(BaseClass.java:51)... Removed 30 stack frames]]>
    </failure>
  </testcase> <!-- @BeforeClass beforeClass -->
  <testcase name="@BeforeMethod bmethod" time="0.0" classname="com.mindtree.kalinga.EasyBucks.base.BaseClass">
    <skipped/>
  </testcase> <!-- @BeforeMethod bmethod -->
  <testcase name="@AfterMethod tearDown" time="0.0" classname="com.mindtree.kalinga.EasyBucks.base.BaseClass">
    <skipped/>
  </testcase> <!-- @AfterMethod tearDown -->
  <testcase name="@BeforeMethod bmethod" time="0.0" classname="com.mindtree.kalinga.EasyBucks.base.BaseClass">
    <skipped/>
  </testcase> <!-- @BeforeMethod bmethod -->
  <testcase name="@AfterMethod tearDown" time="0.0" classname="com.mindtree.kalinga.EasyBucks.base.BaseClass">
    <skipped/>
  </testcase> <!-- @AfterMethod tearDown -->
  <testcase name="@AfterClass aclass" time="0.0" classname="com.mindtree.kalinga.EasyBucks.base.BaseClass">
    <skipped/>
  </testcase> <!-- @AfterClass aclass -->
  <testcase name="test1" time="0.0" classname="com.mindtree.kalinga.EasyBucks.test.EasyBucks.LoginTest">
    <skipped/>
  </testcase> <!-- test1 -->
  <testcase name="testing" time="0.0" classname="com.mindtree.kalinga.EasyBucks.test.EasyBucks.LoginTest">
    <skipped/>
  </testcase> <!-- testing -->
</testsuite> <!-- Test on ie -->
