<?xml version="1.0" encoding="UTF-8"?>
<testng-results ignored="0" total="1" passed="1" failed="0" skipped="0">
  <reporter-output>
  </reporter-output>
  <suite started-at="2018-06-24T16:14:31Z" name="Default suite" finished-at="2018-06-24T16:15:24Z" duration-ms="52562">
    <groups>
    </groups>
    <test started-at="2018-06-24T16:14:31Z" name="Default test" finished-at="2018-06-24T16:15:24Z" duration-ms="52562">
      <class name="com.mindtree.kalinga.EasyBucks.test.EasyBucks.LoginTest">
        <test-method is-config="true" signature="beforeSuit()[pri:0, instance:com.mindtree.kalinga.EasyBucks.test.EasyBucks.LoginTest@1f3f02ee]" started-at="2018-06-24T16:14:31Z" name="beforeSuit" finished-at="2018-06-24T16:14:31Z" duration-ms="258" status="PASS">
          <reporter-output>
          </reporter-output>
        </test-method> <!-- beforeSuit -->
        <test-method is-config="true" signature="beforeClass()[pri:0, instance:com.mindtree.kalinga.EasyBucks.test.EasyBucks.LoginTest@1f3f02ee]" started-at="2018-06-24T16:14:31Z" name="beforeClass" finished-at="2018-06-24T16:15:03Z" duration-ms="32046" status="PASS">
          <reporter-output>
          </reporter-output>
        </test-method> <!-- beforeClass -->
        <test-method is-config="true" signature="bmethod()[pri:0, instance:com.mindtree.kalinga.EasyBucks.test.EasyBucks.LoginTest@1f3f02ee]" started-at="2018-06-24T16:15:03Z" name="bmethod" finished-at="2018-06-24T16:15:05Z" duration-ms="2000" status="PASS">
          <reporter-output>
          </reporter-output>
        </test-method> <!-- bmethod -->
        <test-method signature="test1()[pri:0, instance:com.mindtree.kalinga.EasyBucks.test.EasyBucks.LoginTest@1f3f02ee]" started-at="2018-06-24T16:15:05Z" name="test1" finished-at="2018-06-24T16:15:22Z" duration-ms="16873" status="PASS">
          <reporter-output>
          </reporter-output>
        </test-method> <!-- test1 -->
        <test-method is-config="true" signature="tearDown(org.testng.ITestResult)[pri:0, instance:com.mindtree.kalinga.EasyBucks.test.EasyBucks.LoginTest@1f3f02ee]" started-at="2018-06-24T16:15:22Z" name="tearDown" finished-at="2018-06-24T16:15:22Z" duration-ms="360" status="PASS">
          <params>
            <param index="0">
              <value>
                <![CDATA[[TestResult name=test1 status=SUCCESS method=LoginTest.test1()[pri:0, instance:com.mindtree.kalinga.EasyBucks.test.EasyBucks.LoginTest@1f3f02ee] output={null}]]]>
              </value>
            </param>
          </params>
          <reporter-output>
          </reporter-output>
        </test-method> <!-- tearDown -->
        <test-method is-config="true" signature="aclass()[pri:0, instance:com.mindtree.kalinga.EasyBucks.test.EasyBucks.LoginTest@1f3f02ee]" started-at="2018-06-24T16:15:22Z" name="aclass" finished-at="2018-06-24T16:15:24Z" duration-ms="1259" status="PASS">
          <reporter-output>
          </reporter-output>
        </test-method> <!-- aclass -->
        <test-method is-config="true" signature="aSuit()[pri:0, instance:com.mindtree.kalinga.EasyBucks.test.EasyBucks.LoginTest@1f3f02ee]" started-at="2018-06-24T16:15:24Z" name="aSuit" finished-at="2018-06-24T16:15:24Z" duration-ms="444" status="PASS">
          <reporter-output>
          </reporter-output>
        </test-method> <!-- aSuit -->
      </class> <!-- com.mindtree.kalinga.EasyBucks.test.EasyBucks.LoginTest -->
    </test> <!-- Default test -->
  </suite> <!-- Default suite -->
</testng-results>
